<?xml version="1.0" encoding="UTF-8"?>
<testng-results skipped="0" failed="0" total="1" passed="1">
  <reporter-output>
  </reporter-output>
  <suite name="Default suite" duration-ms="125937" started-at="2016-09-24T13:00:44Z" finished-at="2016-09-24T13:02:50Z">
    <groups>
    </groups>
    <test name="Default test" duration-ms="125937" started-at="2016-09-24T13:00:44Z" finished-at="2016-09-24T13:02:50Z">
      <class name="com.bean.automation_script.TOPGainerOFNSE_ET">
        <test-method status="PASS" signature="openUrl()[pri:0, instance:com.bean.automation_script.TOPGainerOFNSE_ET@6325a3ee]" name="openUrl" is-config="true" duration-ms="19698" started-at="2016-09-24T18:30:44Z" finished-at="2016-09-24T18:31:03Z">
          <reporter-output>
          </reporter-output>
        </test-method> <!-- openUrl -->
        <test-method status="PASS" signature="loadLocater()[pri:0, instance:com.bean.automation_script.TOPGainerOFNSE_ET@6325a3ee]" name="loadLocater" is-config="true" duration-ms="67" started-at="2016-09-24T18:31:03Z" finished-at="2016-09-24T18:31:03Z">
          <reporter-output>
          </reporter-output>
        </test-method> <!-- loadLocater -->
        <test-method status="PASS" signature="findAllCompany()[pri:0, instance:com.bean.automation_script.TOPGainerOFNSE_ET@6325a3ee]" name="findAllCompany" duration-ms="104402" started-at="2016-09-24T18:31:03Z" finished-at="2016-09-24T18:32:48Z">
          <reporter-output>
          </reporter-output>
        </test-method> <!-- findAllCompany -->
        <test-method status="PASS" signature="validat()[pri:0, instance:com.bean.automation_script.TOPGainerOFNSE_ET@6325a3ee]" name="validat" is-config="true" duration-ms="1" started-at="2016-09-24T18:32:48Z" finished-at="2016-09-24T18:32:48Z">
          <reporter-output>
          </reporter-output>
        </test-method> <!-- validat -->
        <test-method status="PASS" signature="closeApplication()[pri:0, instance:com.bean.automation_script.TOPGainerOFNSE_ET@6325a3ee]" name="closeApplication" is-config="true" duration-ms="1725" started-at="2016-09-24T18:32:48Z" finished-at="2016-09-24T18:32:50Z">
          <reporter-output>
          </reporter-output>
        </test-method> <!-- closeApplication -->
      </class> <!-- com.bean.automation_script.TOPGainerOFNSE_ET -->
    </test> <!-- Default test -->
  </suite> <!-- Default suite -->
</testng-results>
